<?xml version="1.0" encoding="UTF-8"?>
<testsuite name="com.jworks.kanjilens.ui.camera.CoordinateMappingTest" tests="21" skipped="0" failures="0" errors="0" timestamp="2026-02-07T17:25:03" hostname="jay-ubuntu" time="0.02">
  <properties/>
  <testcase name="visible region - vertical partial filters bottom pad" classname="com.jworks.kanjilens.ui.camera.CoordinateMappingTest" time="0.001"/>
  <testcase name="90 degree rotation swaps image dimensions" classname="com.jworks.kanjilens.ui.camera.CoordinateMappingTest" time="0.0"/>
  <testcase name="FILL_CENTER crops correctly on narrow canvas" classname="com.jworks.kanjilens.ui.camera.CoordinateMappingTest" time="0.0"/>
  <testcase name="180 degree rotation does not swap" classname="com.jworks.kanjilens.ui.camera.CoordinateMappingTest" time="0.0"/>
  <testcase name="visible region - horizontal partial is top 25 percent" classname="com.jworks.kanjilens.ui.camera.CoordinateMappingTest" time="0.0"/>
  <testcase name="Z Flip 7 - square sensor 90 degree rotation" classname="com.jworks.kanjilens.ui.camera.CoordinateMappingTest" time="0.001"/>
  <testcase name="vertical mode - segment top positioned correctly" classname="com.jworks.kanjilens.ui.camera.CoordinateMappingTest" time="0.0"/>
  <testcase name="Z Flip 7 - square sensor FILL_CENTER on portrait screen" classname="com.jworks.kanjilens.ui.camera.CoordinateMappingTest" time="0.012"/>
  <testcase name="vertical mode - furigana vertically centered on segment" classname="com.jworks.kanjilens.ui.camera.CoordinateMappingTest" time="0.0"/>
  <testcase name="270 degree rotation also swaps" classname="com.jworks.kanjilens.ui.camera.CoordinateMappingTest" time="0.0"/>
  <testcase name="visible region - vertical partial filters panel area" classname="com.jworks.kanjilens.ui.camera.CoordinateMappingTest" time="0.0"/>
  <testcase name="visible region - vertical partial is top-right quadrant" classname="com.jworks.kanjilens.ui.camera.CoordinateMappingTest" time="0.002"/>
  <testcase name="1-to-1 scale when canvas matches image" classname="com.jworks.kanjilens.ui.camera.CoordinateMappingTest" time="0.0"/>
  <testcase name="vertical mode - furigana clamped to top of screen" classname="com.jworks.kanjilens.ui.camera.CoordinateMappingTest" time="0.0"/>
  <testcase name="visible region - full mode returns entire image" classname="com.jworks.kanjilens.ui.camera.CoordinateMappingTest" time="0.0"/>
  <testcase name="Z Flip 7 - top-left VISIBLE region" classname="com.jworks.kanjilens.ui.camera.CoordinateMappingTest" time="0.0"/>
  <testcase name="bounding box scales correctly" classname="com.jworks.kanjilens.ui.camera.CoordinateMappingTest" time="0.0"/>
  <testcase name="no rotation maps directly" classname="com.jworks.kanjilens.ui.camera.CoordinateMappingTest" time="0.0"/>
  <testcase name="Z Flip 7 - bottom-right VISIBLE region" classname="com.jworks.kanjilens.ui.camera.CoordinateMappingTest" time="0.0"/>
  <testcase name="vertical mode - furigana placed to the right of element" classname="com.jworks.kanjilens.ui.camera.CoordinateMappingTest" time="0.0"/>
  <testcase name="vertical mode - charHeight divides element evenly" classname="com.jworks.kanjilens.ui.camera.CoordinateMappingTest" time="0.0"/>
  <system-out><![CDATA[Screen bounds: left=461 top=1091 right=618 bottom=1248
Canvas: 1080.0x2340.0
Center X: 539.5, expected: 540.0
Center Y: 1169.5, expected: 1170.0
]]></system-out>
  <system-err><![CDATA[]]></system-err>
</testsuite>
